<?xml version="1.0" encoding="UTF-8"?>
<testsuite name="com.example.springboot.web.IndexControllerTest" tests="1" skipped="0" failures="0" errors="0" timestamp="2021-06-10T15:08:45" hostname="koo-ui-MacBookPro" time="0.22">
  <properties/>
  <testcase name="메인페이지_로딩()" classname="com.example.springboot.web.IndexControllerTest" time="0.22"/>
  <system-out><![CDATA[2021-06-11 00:08:45.703  INFO 29405 --- [    Test worker] .b.t.c.SpringBootTestContextBootstrapper : Neither @ContextConfiguration nor @ContextHierarchy found for test class [com.example.springboot.web.IndexControllerTest], using SpringBootContextLoader
2021-06-11 00:08:45.703  INFO 29405 --- [    Test worker] o.s.t.c.support.AbstractContextLoader    : Could not detect default resource locations for test class [com.example.springboot.web.IndexControllerTest]: no resource found for suffixes {-context.xml, Context.groovy}.
2021-06-11 00:08:45.704  INFO 29405 --- [    Test worker] t.c.s.AnnotationConfigContextLoaderUtils : Could not detect default configuration classes for test class [com.example.springboot.web.IndexControllerTest]: IndexControllerTest does not declare any static, non-private, non-final, nested classes annotated with @Configuration.
2021-06-11 00:08:45.705  INFO 29405 --- [    Test worker] .b.t.c.SpringBootTestContextBootstrapper : Found @SpringBootConfiguration com.example.springboot.Application for test class com.example.springboot.web.IndexControllerTest
2021-06-11 00:08:45.707  INFO 29405 --- [    Test worker] .b.t.c.SpringBootTestContextBootstrapper : Loaded default TestExecutionListener class names from location [META-INF/spring.factories]: [org.springframework.security.test.context.support.WithSecurityContextTestExecutionListener, org.springframework.security.test.context.support.ReactorContextTestExecutionListener, org.springframework.boot.test.autoconfigure.restdocs.RestDocsTestExecutionListener, org.springframework.boot.test.autoconfigure.web.client.MockRestServiceServerResetTestExecutionListener, org.springframework.boot.test.autoconfigure.web.servlet.MockMvcPrintOnlyOnFailureTestExecutionListener, org.springframework.boot.test.autoconfigure.web.servlet.WebDriverTestExecutionListener, org.springframework.boot.test.autoconfigure.webservices.client.MockWebServiceServerTestExecutionListener, org.springframework.boot.test.mock.mockito.MockitoTestExecutionListener, org.springframework.boot.test.mock.mockito.ResetMocksTestExecutionListener, org.springframework.test.context.web.ServletTestExecutionListener, org.springframework.test.context.support.DirtiesContextBeforeModesTestExecutionListener, org.springframework.test.context.support.DependencyInjectionTestExecutionListener, org.springframework.test.context.support.DirtiesContextTestExecutionListener, org.springframework.test.context.transaction.TransactionalTestExecutionListener, org.springframework.test.context.jdbc.SqlScriptsTestExecutionListener, org.springframework.test.context.event.EventPublishingTestExecutionListener]
2021-06-11 00:08:45.709  INFO 29405 --- [    Test worker] .b.t.c.SpringBootTestContextBootstrapper : Using TestExecutionListeners: [org.springframework.test.context.web.ServletTestExecutionListener@182387, org.springframework.test.context.support.DirtiesContextBeforeModesTestExecutionListener@63e297b7, org.springframework.boot.test.mock.mockito.MockitoTestExecutionListener@469e9052, org.springframework.boot.test.autoconfigure.SpringBootDependencyInjectionTestExecutionListener@53e309bb, org.springframework.test.context.support.DirtiesContextTestExecutionListener@12a60c5b, org.springframework.test.context.transaction.TransactionalTestExecutionListener@658e6e97, org.springframework.test.context.jdbc.SqlScriptsTestExecutionListener@57206e74, org.springframework.security.test.context.support.WithSecurityContextTestExecutionListener@1c451bfa, org.springframework.test.context.event.EventPublishingTestExecutionListener@3e2318fd, org.springframework.security.test.context.support.ReactorContextTestExecutionListener@284f3378, org.springframework.boot.test.autoconfigure.restdocs.RestDocsTestExecutionListener@7c48bbcb, org.springframework.boot.test.autoconfigure.web.client.MockRestServiceServerResetTestExecutionListener@4866f573, org.springframework.boot.test.autoconfigure.web.servlet.MockMvcPrintOnlyOnFailureTestExecutionListener@6ea4e872, org.springframework.boot.test.autoconfigure.web.servlet.WebDriverTestExecutionListener@3fa1c22d, org.springframework.boot.test.autoconfigure.webservices.client.MockWebServiceServerTestExecutionListener@68ea0f1, org.springframework.boot.test.mock.mockito.ResetMocksTestExecutionListener@793c003e]
2021-06-11 00:08:45.847  INFO 29405 --- [o-auto-1-exec-1] o.a.c.c.C.[Tomcat].[localhost].[/]       : Initializing Spring DispatcherServlet 'dispatcherServlet'
2021-06-11 00:08:45.847  INFO 29405 --- [o-auto-1-exec-1] o.s.web.servlet.DispatcherServlet        : Initializing Servlet 'dispatcherServlet'
2021-06-11 00:08:45.848  INFO 29405 --- [o-auto-1-exec-1] o.s.web.servlet.DispatcherServlet        : Completed initialization in 1 ms
Hibernate: select posts0_.id as id1_0_, posts0_.created_date as created_2_0_, posts0_.modified_date as modified3_0_, posts0_.author as author4_0_, posts0_.content as content5_0_, posts0_.title as title6_0_ from posts posts0_ order by posts0_.id DESC
]]></system-out>
  <system-err><![CDATA[]]></system-err>
</testsuite>
